<?xml version="1.0" encoding="UTF-8"?>
<!-- Generated by org.testng.reporters.JUnitXMLReporter -->
<testsuite hostname="ip-172-31-86-107" ignored="2" name="Default test" tests="1" failures="0" timestamp="09 Nov 2021 04:33:22 GMT" time="7.007" errors="0">
  <testcase name="ExcelTest" time="4.928" classname="test.LoginTest"/>
  <testcase name="negetivelogin" time="0.0" classname="test.LoginTest">
    <ignored/>
  </testcase> <!-- negetivelogin -->
  <testcase name="positivelogin" time="0.0" classname="test.LoginTest">
    <ignored/>
  </testcase> <!-- positivelogin -->
</testsuite> <!-- Default test -->
