<?xml version="1.0" encoding="UTF-8"?>
<!-- Generated by org.testng.reporters.JUnitXMLReporter -->
<testsuite hostname="ip-172-31-86-107" ignored="0" name="Test" tests="3" failures="1" timestamp="12 Nov 2021 06:06:18 GMT" time="13.406" errors="0">
  <testcase name="ExcelTest" time="2.325" classname="test.LoginTest"/>
  <testcase name="negetivelogin" time="2.04" classname="test.LoginTest">
    <failure type="java.lang.AssertionError" message="expected [true] but found [false]">
      <![CDATA[java.lang.AssertionError: expected [true] but found [false]
at test.LoginTest.negetivelogin(LoginTest.java:41)
... Removed 29 stack frames]]>
    </failure>
  </testcase> <!-- negetivelogin -->
  <testcase name="positivelogin" time="3.095" classname="test.LoginTest"/>
</testsuite> <!-- Test -->
