<?xml version="1.0" encoding="UTF-8"?>
<testng-results skipped="0" failed="0" ignored="0" total="3" passed="3">
  <reporter-output>
  </reporter-output>
  <suite name="Suite" duration-ms="11294" started-at="2021-11-09T07:08:19Z" finished-at="2021-11-09T07:08:30Z">
    <groups>
    </groups>
    <test name="Test" duration-ms="11294" started-at="2021-11-09T07:08:19Z" finished-at="2021-11-09T07:08:30Z">
      <class name="test.LoginTest">
        <test-method status="PASS" signature="ReportSetup()[pri:0, instance:test.LoginTest@2a742aa2]" name="ReportSetup" is-config="true" duration-ms="523" started-at="2021-11-09T07:08:19Z" finished-at="2021-11-09T07:08:20Z">
          <reporter-output>
          </reporter-output>
        </test-method> <!-- ReportSetup -->
        <test-method status="PASS" signature="setup()[pri:0, instance:test.LoginTest@2a742aa2]" name="setup" is-config="true" duration-ms="1502" started-at="2021-11-09T07:08:20Z" finished-at="2021-11-09T07:08:21Z">
          <reporter-output>
          </reporter-output>
        </test-method> <!-- setup -->
        <test-method status="PASS" signature="ExcelTest()[pri:0, instance:test.LoginTest@2a742aa2]" name="ExcelTest" duration-ms="2182" started-at="2021-11-09T07:08:21Z" finished-at="2021-11-09T07:08:23Z">
          <reporter-output>
          </reporter-output>
        </test-method> <!-- ExcelTest -->
        <test-method status="PASS" signature="teardown()[pri:0, instance:test.LoginTest@2a742aa2]" name="teardown" is-config="true" duration-ms="71" started-at="2021-11-09T07:08:23Z" finished-at="2021-11-09T07:08:23Z">
          <reporter-output>
          </reporter-output>
        </test-method> <!-- teardown -->
        <test-method status="PASS" signature="setup()[pri:0, instance:test.LoginTest@2a742aa2]" name="setup" is-config="true" duration-ms="1423" started-at="2021-11-09T07:08:23Z" finished-at="2021-11-09T07:08:25Z">
          <reporter-output>
          </reporter-output>
        </test-method> <!-- setup -->
        <test-method status="PASS" signature="negetivelogin(java.lang.String, java.lang.String)[pri:0, instance:test.LoginTest@2a742aa2]" name="negetivelogin" duration-ms="2197" started-at="2021-11-09T07:08:25Z" finished-at="2021-11-09T07:08:27Z">
          <params>
            <param index="0">
              <value>
                <![CDATA[abc@gmail.com]]>
              </value>
            </param>
            <param index="1">
              <value>
                <![CDATA[ABCdefg1234##]]>
              </value>
            </param>
          </params>
          <reporter-output>
          </reporter-output>
        </test-method> <!-- negetivelogin -->
        <test-method status="PASS" signature="teardown()[pri:0, instance:test.LoginTest@2a742aa2]" name="teardown" is-config="true" duration-ms="68" started-at="2021-11-09T07:08:27Z" finished-at="2021-11-09T07:08:27Z">
          <reporter-output>
          </reporter-output>
        </test-method> <!-- teardown -->
        <test-method status="PASS" signature="setup()[pri:0, instance:test.LoginTest@2a742aa2]" name="setup" is-config="true" duration-ms="1458" started-at="2021-11-09T07:08:27Z" finished-at="2021-11-09T07:08:29Z">
          <reporter-output>
          </reporter-output>
        </test-method> <!-- setup -->
        <test-method status="PASS" signature="positivelogin(java.lang.String, java.lang.String)[pri:0, instance:test.LoginTest@2a742aa2]" name="positivelogin" duration-ms="1577" started-at="2021-11-09T07:08:29Z" finished-at="2021-11-09T07:08:30Z">
          <params>
            <param index="0">
              <value>
                <![CDATA[abc@gmail.com]]>
              </value>
            </param>
            <param index="1">
              <value>
                <![CDATA[ABCdefg1234##]]>
              </value>
            </param>
          </params>
          <reporter-output>
          </reporter-output>
        </test-method> <!-- positivelogin -->
        <test-method status="PASS" signature="teardown()[pri:0, instance:test.LoginTest@2a742aa2]" name="teardown" is-config="true" duration-ms="68" started-at="2021-11-09T07:08:30Z" finished-at="2021-11-09T07:08:30Z">
          <reporter-output>
          </reporter-output>
        </test-method> <!-- teardown -->
        <test-method status="PASS" signature="ReportTearDown()[pri:0, instance:test.LoginTest@2a742aa2]" name="ReportTearDown" is-config="true" duration-ms="213" started-at="2021-11-09T07:08:30Z" finished-at="2021-11-09T07:08:30Z">
          <reporter-output>
          </reporter-output>
        </test-method> <!-- ReportTearDown -->
      </class> <!-- test.LoginTest -->
    </test> <!-- Test -->
  </suite> <!-- Suite -->
</testng-results>
